<?xml version="1.0" encoding="UTF-8"?>
<!-- Generated by org.testng.reporters.JUnitReportReporter -->
<testsuite hostname="LGDN15028-W7D01" name="testcase.testng" tests="1" failures="0" timestamp="28 Sep 2015 07:22:14 GMT" time="0.219" errors="0">
  <testcase name="test" time="0.219" classname="testcase.testng"/>
</testsuite> <!-- testcase.testng -->
