<?xml version="1.0" encoding="UTF-8"?>
<!-- Generated by org.testng.reporters.JUnitReportReporter -->
<testsuite hostname="LGDN15028-W7D01" name="testcase.testng2" tests="1" failures="0" timestamp="28 Sep 2015 07:22:14 GMT" time="2.108" errors="0">
  <testcase name="test" time="2.108" classname="testcase.testng2"/>
</testsuite> <!-- testcase.testng2 -->
